{"$message_type":"diagnostic","message":"the trait bound `str: validator::validation::regex::AsRegex` is not satisfied","code":{"code":"E0277","explanation":"You tried to use a type which doesn't implement some trait in a place which\nexpected that trait.\n\nErroneous code example:\n\n```compile_fail,E0277\n// here we declare the Foo trait with a bar method\ntrait Foo {\n    fn bar(&self);\n}\n\n// we now declare a function which takes an object implementing the Foo trait\nfn some_func<T: Foo>(foo: T) {\n    foo.bar();\n}\n\nfn main() {\n    // we now call the method with the i32 type, which doesn't implement\n    // the Foo trait\n    some_func(5i32); // error: the trait bound `i32 : Foo` is not satisfied\n}\n```\n\nIn order to fix this error, verify that the type you're using does implement\nthe trait. Example:\n\n```\ntrait Foo {\n    fn bar(&self);\n}\n\n// we implement the trait on the i32 type\nimpl Foo for i32 {\n    fn bar(&self) {}\n}\n\nfn some_func<T: Foo>(foo: T) {\n    foo.bar(); // we can now use this method since i32 implements the\n               // Foo trait\n}\n\nfn main() {\n    some_func(5i32); // ok!\n}\n```\n\nOr in a generic context, an erroneous code example would look like:\n\n```compile_fail,E0277\nfn some_func<T>(foo: T) {\n    println!(\"{:?}\", foo); // error: the trait `core::fmt::Debug` is not\n                           //        implemented for the type `T`\n}\n\nfn main() {\n    // We now call the method with the i32 type,\n    // which *does* implement the Debug trait.\n    some_func(5i32);\n}\n```\n\nNote that the error here is in the definition of the generic function. Although\nwe only call it with a parameter that does implement `Debug`, the compiler\nstill rejects the function. It must work with all possible input types. In\norder to make this example compile, we need to restrict the generic type we're\naccepting:\n\n```\nuse std::fmt;\n\n// Restrict the input type to types that implement Debug.\nfn some_func<T: fmt::Debug>(foo: T) {\n    println!(\"{:?}\", foo);\n}\n\nfn main() {\n    // Calling the method is still fine, as i32 implements Debug.\n    some_func(5i32);\n\n    // This would fail to compile now:\n    // struct WithoutDebug;\n    // some_func(WithoutDebug);\n}\n```\n\nRust only looks at the signature of the called function, as such it must\nalready specify all requirements that will be used for every type parameter.\n"},"level":"error","spans":[{"file_name":"src\\main.rs","byte_start":739,"byte_end":747,"line_start":37,"line_end":37,"column_start":23,"column_end":31,"is_primary":true,"text":[{"text":"#[derive(Deserialize, Validate)]","highlight_start":23,"highlight_end":31}],"label":"the trait `validator::validation::regex::AsRegex` is not implemented for `str`","suggested_replacement":null,"suggestion_applicability":null,"expansion":{"span":{"file_name":"src\\main.rs","byte_start":739,"byte_end":747,"line_start":37,"line_end":37,"column_start":23,"column_end":31,"is_primary":false,"text":[{"text":"#[derive(Deserialize, Validate)]","highlight_start":23,"highlight_end":31}],"label":null,"suggested_replacement":null,"suggestion_applicability":null,"expansion":null},"macro_decl_name":"#[derive(Validate)]","def_site_span":{"file_name":"C:\\Users\\prate\\.cargo\\registry\\src\\index.crates.io-1949cf8c6b5b557f\\validator_derive-0.18.2\\src\\lib.rs","byte_start":9609,"byte_end":9628,"line_start":303,"line_end":303,"column_start":1,"column_end":20,"is_primary":false,"text":[{"text":"#[proc_macro_error]","highlight_start":1,"highlight_end":20}],"label":null,"suggested_replacement":null,"suggestion_applicability":null,"expansion":null}}}],"children":[{"message":"the following other types implement trait `validator::validation::regex::AsRegex`:\n  &Arc<std::sync::Mutex<OnceLock<regex::regex::string::Regex>>>\n  &Arc<std::sync::Mutex<std::cell::OnceCell<regex::regex::string::Regex>>>\n  &OnceLock<regex::regex::string::Regex>\n  &T\n  &std::sync::Mutex<OnceLock<regex::regex::string::Regex>>\n  &std::sync::Mutex<std::cell::OnceCell<regex::regex::string::Regex>>\n  regex::regex::string::Regex","code":null,"level":"help","spans":[],"children":[],"rendered":null},{"message":"required for `&str` to implement `validator::validation::regex::AsRegex`","code":null,"level":"note","spans":[],"children":[],"rendered":null},{"message":"1 redundant requirement hidden","code":null,"level":"note","spans":[],"children":[],"rendered":null},{"message":"required for `&&str` to implement `validator::validation::regex::AsRegex`","code":null,"level":"note","spans":[],"children":[],"rendered":null},{"message":"required by a bound in `validate_regex`","code":null,"level":"note","spans":[{"file_name":"C:\\Users\\prate\\.cargo\\registry\\src\\index.crates.io-1949cf8c6b5b557f\\validator-0.18.1\\src\\validation\\regex.rs","byte_start":1213,"byte_end":1220,"line_start":57,"line_end":57,"column_start":42,"column_end":49,"is_primary":true,"text":[{"text":"    fn validate_regex(&self, regex: impl AsRegex) -> bool;","highlight_start":42,"highlight_end":49}],"label":"required by this bound in `ValidateRegex::validate_regex`","suggested_replacement":null,"suggestion_applicability":null,"expansion":null}],"children":[],"rendered":null}],"rendered":"\u001b[0m\u001b[1m\u001b[38;5;9merror[E0277]\u001b[0m\u001b[0m\u001b[1m\u001b[38;5;15m: the trait bound `str: validator::validation::regex::AsRegex` is not satisfied\u001b[0m\n\u001b[0m  \u001b[0m\u001b[0m\u001b[1m\u001b[38;5;14m--> \u001b[0m\u001b[0msrc\\main.rs:37:23\u001b[0m\n\u001b[0m   \u001b[0m\u001b[0m\u001b[1m\u001b[38;5;14m|\u001b[0m\n\u001b[0m\u001b[1m\u001b[38;5;14m37\u001b[0m\u001b[0m \u001b[0m\u001b[0m\u001b[1m\u001b[38;5;14m|\u001b[0m\u001b[0m \u001b[0m\u001b[0m#[derive(Deserialize, Validate)]\u001b[0m\n\u001b[0m   \u001b[0m\u001b[0m\u001b[1m\u001b[38;5;14m|\u001b[0m\u001b[0m                       \u001b[0m\u001b[0m\u001b[1m\u001b[38;5;9m^^^^^^^^\u001b[0m\u001b[0m \u001b[0m\u001b[0m\u001b[1m\u001b[38;5;9mthe trait `validator::validation::regex::AsRegex` is not implemented for `str`\u001b[0m\n\u001b[0m   \u001b[0m\u001b[0m\u001b[1m\u001b[38;5;14m|\u001b[0m\n\u001b[0m   \u001b[0m\u001b[0m\u001b[1m\u001b[38;5;14m= \u001b[0m\u001b[0m\u001b[1m\u001b[38;5;15mhelp\u001b[0m\u001b[0m: the following other types implement trait `validator::validation::regex::AsRegex`:\u001b[0m\n\u001b[0m             &Arc<std::sync::Mutex<OnceLock<regex::regex::string::Regex>>>\u001b[0m\n\u001b[0m             &Arc<std::sync::Mutex<std::cell::OnceCell<regex::regex::string::Regex>>>\u001b[0m\n\u001b[0m             &OnceLock<regex::regex::string::Regex>\u001b[0m\n\u001b[0m             &T\u001b[0m\n\u001b[0m             &std::sync::Mutex<OnceLock<regex::regex::string::Regex>>\u001b[0m\n\u001b[0m             &std::sync::Mutex<std::cell::OnceCell<regex::regex::string::Regex>>\u001b[0m\n\u001b[0m             regex::regex::string::Regex\u001b[0m\n\u001b[0m   \u001b[0m\u001b[0m\u001b[1m\u001b[38;5;14m= \u001b[0m\u001b[0m\u001b[1m\u001b[38;5;15mnote\u001b[0m\u001b[0m: required for `&str` to implement `validator::validation::regex::AsRegex`\u001b[0m\n\u001b[0m   \u001b[0m\u001b[0m\u001b[1m\u001b[38;5;14m= \u001b[0m\u001b[0m\u001b[1m\u001b[38;5;15mnote\u001b[0m\u001b[0m: 1 redundant requirement hidden\u001b[0m\n\u001b[0m   \u001b[0m\u001b[0m\u001b[1m\u001b[38;5;14m= \u001b[0m\u001b[0m\u001b[1m\u001b[38;5;15mnote\u001b[0m\u001b[0m: required for `&&str` to implement `validator::validation::regex::AsRegex`\u001b[0m\n\u001b[0m\u001b[1m\u001b[38;5;10mnote\u001b[0m\u001b[0m: required by a bound in `validate_regex`\u001b[0m\n\u001b[0m  \u001b[0m\u001b[0m\u001b[1m\u001b[38;5;14m--> \u001b[0m\u001b[0mC:\\Users\\prate\\.cargo\\registry\\src\\index.crates.io-1949cf8c6b5b557f\\validator-0.18.1\\src\\validation\\regex.rs:57:42\u001b[0m\n\u001b[0m   \u001b[0m\u001b[0m\u001b[1m\u001b[38;5;14m|\u001b[0m\n\u001b[0m\u001b[1m\u001b[38;5;14m57\u001b[0m\u001b[0m \u001b[0m\u001b[0m\u001b[1m\u001b[38;5;14m|\u001b[0m\u001b[0m \u001b[0m\u001b[0m    fn validate_regex(&self, regex: impl AsRegex) -> bool;\u001b[0m\n\u001b[0m   \u001b[0m\u001b[0m\u001b[1m\u001b[38;5;14m|\u001b[0m\u001b[0m                                          \u001b[0m\u001b[0m\u001b[1m\u001b[38;5;10m^^^^^^^\u001b[0m\u001b[0m \u001b[0m\u001b[0m\u001b[1m\u001b[38;5;10mrequired by this bound in `ValidateRegex::validate_regex`\u001b[0m\n\u001b[0m   \u001b[0m\u001b[0m\u001b[1m\u001b[38;5;14m= \u001b[0m\u001b[0m\u001b[1m\u001b[38;5;15mnote\u001b[0m\u001b[0m: this error originates in the derive macro `Validate` (in Nightly builds, run with -Z macro-backtrace for more info)\u001b[0m\n\n"}
{"$message_type":"diagnostic","message":"the trait bound `&&str: validator::validation::regex::AsRegex` is not satisfied","code":{"code":"E0277","explanation":"You tried to use a type which doesn't implement some trait in a place which\nexpected that trait.\n\nErroneous code example:\n\n```compile_fail,E0277\n// here we declare the Foo trait with a bar method\ntrait Foo {\n    fn bar(&self);\n}\n\n// we now declare a function which takes an object implementing the Foo trait\nfn some_func<T: Foo>(foo: T) {\n    foo.bar();\n}\n\nfn main() {\n    // we now call the method with the i32 type, which doesn't implement\n    // the Foo trait\n    some_func(5i32); // error: the trait bound `i32 : Foo` is not satisfied\n}\n```\n\nIn order to fix this error, verify that the type you're using does implement\nthe trait. Example:\n\n```\ntrait Foo {\n    fn bar(&self);\n}\n\n// we implement the trait on the i32 type\nimpl Foo for i32 {\n    fn bar(&self) {}\n}\n\nfn some_func<T: Foo>(foo: T) {\n    foo.bar(); // we can now use this method since i32 implements the\n               // Foo trait\n}\n\nfn main() {\n    some_func(5i32); // ok!\n}\n```\n\nOr in a generic context, an erroneous code example would look like:\n\n```compile_fail,E0277\nfn some_func<T>(foo: T) {\n    println!(\"{:?}\", foo); // error: the trait `core::fmt::Debug` is not\n                           //        implemented for the type `T`\n}\n\nfn main() {\n    // We now call the method with the i32 type,\n    // which *does* implement the Debug trait.\n    some_func(5i32);\n}\n```\n\nNote that the error here is in the definition of the generic function. Although\nwe only call it with a parameter that does implement `Debug`, the compiler\nstill rejects the function. It must work with all possible input types. In\norder to make this example compile, we need to restrict the generic type we're\naccepting:\n\n```\nuse std::fmt;\n\n// Restrict the input type to types that implement Debug.\nfn some_func<T: fmt::Debug>(foo: T) {\n    println!(\"{:?}\", foo);\n}\n\nfn main() {\n    // Calling the method is still fine, as i32 implements Debug.\n    some_func(5i32);\n\n    // This would fail to compile now:\n    // struct WithoutDebug;\n    // some_func(WithoutDebug);\n}\n```\n\nRust only looks at the signature of the called function, as such it must\nalready specify all requirements that will be used for every type parameter.\n"},"level":"error","spans":[{"file_name":"src\\main.rs","byte_start":739,"byte_end":747,"line_start":37,"line_end":37,"column_start":23,"column_end":31,"is_primary":true,"text":[{"text":"#[derive(Deserialize, Validate)]","highlight_start":23,"highlight_end":31}],"label":"the trait `Sized` is not implemented for `str`","suggested_replacement":null,"suggestion_applicability":null,"expansion":{"span":{"file_name":"src\\main.rs","byte_start":739,"byte_end":747,"line_start":37,"line_end":37,"column_start":23,"column_end":31,"is_primary":false,"text":[{"text":"#[derive(Deserialize, Validate)]","highlight_start":23,"highlight_end":31}],"label":null,"suggested_replacement":null,"suggestion_applicability":null,"expansion":null},"macro_decl_name":"#[derive(Validate)]","def_site_span":{"file_name":"C:\\Users\\prate\\.cargo\\registry\\src\\index.crates.io-1949cf8c6b5b557f\\validator_derive-0.18.2\\src\\lib.rs","byte_start":9609,"byte_end":9628,"line_start":303,"line_end":303,"column_start":1,"column_end":20,"is_primary":false,"text":[{"text":"#[proc_macro_error]","highlight_start":1,"highlight_end":20}],"label":null,"suggested_replacement":null,"suggestion_applicability":null,"expansion":null}}}],"children":[{"message":"the following other types implement trait `validator::validation::regex::AsRegex`:\n  &Arc<std::sync::Mutex<OnceLock<regex::regex::string::Regex>>>\n  &Arc<std::sync::Mutex<std::cell::OnceCell<regex::regex::string::Regex>>>\n  &OnceLock<regex::regex::string::Regex>\n  &T\n  &std::sync::Mutex<OnceLock<regex::regex::string::Regex>>\n  &std::sync::Mutex<std::cell::OnceCell<regex::regex::string::Regex>>\n  regex::regex::string::Regex","code":null,"level":"help","spans":[],"children":[],"rendered":null},{"message":"required for `&str` to implement `validator::validation::regex::AsRegex`","code":null,"level":"note","spans":[],"children":[],"rendered":null},{"message":"1 redundant requirement hidden","code":null,"level":"note","spans":[],"children":[],"rendered":null},{"message":"required for `&&str` to implement `validator::validation::regex::AsRegex`","code":null,"level":"note","spans":[],"children":[],"rendered":null},{"message":"required by a bound in `validate_regex`","code":null,"level":"note","spans":[{"file_name":"C:\\Users\\prate\\.cargo\\registry\\src\\index.crates.io-1949cf8c6b5b557f\\validator-0.18.1\\src\\validation\\regex.rs","byte_start":1213,"byte_end":1220,"line_start":57,"line_end":57,"column_start":42,"column_end":49,"is_primary":true,"text":[{"text":"    fn validate_regex(&self, regex: impl AsRegex) -> bool;","highlight_start":42,"highlight_end":49}],"label":"required by this bound in `ValidateRegex::validate_regex`","suggested_replacement":null,"suggestion_applicability":null,"expansion":null}],"children":[],"rendered":null}],"rendered":"\u001b[0m\u001b[1m\u001b[38;5;9merror[E0277]\u001b[0m\u001b[0m\u001b[1m\u001b[38;5;15m: the trait bound `&&str: validator::validation::regex::AsRegex` is not satisfied\u001b[0m\n\u001b[0m  \u001b[0m\u001b[0m\u001b[1m\u001b[38;5;14m--> \u001b[0m\u001b[0msrc\\main.rs:37:23\u001b[0m\n\u001b[0m   \u001b[0m\u001b[0m\u001b[1m\u001b[38;5;14m|\u001b[0m\n\u001b[0m\u001b[1m\u001b[38;5;14m37\u001b[0m\u001b[0m \u001b[0m\u001b[0m\u001b[1m\u001b[38;5;14m|\u001b[0m\u001b[0m \u001b[0m\u001b[0m#[derive(Deserialize, Validate)]\u001b[0m\n\u001b[0m   \u001b[0m\u001b[0m\u001b[1m\u001b[38;5;14m|\u001b[0m\u001b[0m                       \u001b[0m\u001b[0m\u001b[1m\u001b[38;5;9m^^^^^^^^\u001b[0m\u001b[0m \u001b[0m\u001b[0m\u001b[1m\u001b[38;5;9mthe trait `Sized` is not implemented for `str`\u001b[0m\n\u001b[0m   \u001b[0m\u001b[0m\u001b[1m\u001b[38;5;14m|\u001b[0m\n\u001b[0m   \u001b[0m\u001b[0m\u001b[1m\u001b[38;5;14m= \u001b[0m\u001b[0m\u001b[1m\u001b[38;5;15mhelp\u001b[0m\u001b[0m: the following other types implement trait `validator::validation::regex::AsRegex`:\u001b[0m\n\u001b[0m             &Arc<std::sync::Mutex<OnceLock<regex::regex::string::Regex>>>\u001b[0m\n\u001b[0m             &Arc<std::sync::Mutex<std::cell::OnceCell<regex::regex::string::Regex>>>\u001b[0m\n\u001b[0m             &OnceLock<regex::regex::string::Regex>\u001b[0m\n\u001b[0m             &T\u001b[0m\n\u001b[0m             &std::sync::Mutex<OnceLock<regex::regex::string::Regex>>\u001b[0m\n\u001b[0m             &std::sync::Mutex<std::cell::OnceCell<regex::regex::string::Regex>>\u001b[0m\n\u001b[0m             regex::regex::string::Regex\u001b[0m\n\u001b[0m   \u001b[0m\u001b[0m\u001b[1m\u001b[38;5;14m= \u001b[0m\u001b[0m\u001b[1m\u001b[38;5;15mnote\u001b[0m\u001b[0m: required for `&str` to implement `validator::validation::regex::AsRegex`\u001b[0m\n\u001b[0m   \u001b[0m\u001b[0m\u001b[1m\u001b[38;5;14m= \u001b[0m\u001b[0m\u001b[1m\u001b[38;5;15mnote\u001b[0m\u001b[0m: 1 redundant requirement hidden\u001b[0m\n\u001b[0m   \u001b[0m\u001b[0m\u001b[1m\u001b[38;5;14m= \u001b[0m\u001b[0m\u001b[1m\u001b[38;5;15mnote\u001b[0m\u001b[0m: required for `&&str` to implement `validator::validation::regex::AsRegex`\u001b[0m\n\u001b[0m\u001b[1m\u001b[38;5;10mnote\u001b[0m\u001b[0m: required by a bound in `validate_regex`\u001b[0m\n\u001b[0m  \u001b[0m\u001b[0m\u001b[1m\u001b[38;5;14m--> \u001b[0m\u001b[0mC:\\Users\\prate\\.cargo\\registry\\src\\index.crates.io-1949cf8c6b5b557f\\validator-0.18.1\\src\\validation\\regex.rs:57:42\u001b[0m\n\u001b[0m   \u001b[0m\u001b[0m\u001b[1m\u001b[38;5;14m|\u001b[0m\n\u001b[0m\u001b[1m\u001b[38;5;14m57\u001b[0m\u001b[0m \u001b[0m\u001b[0m\u001b[1m\u001b[38;5;14m|\u001b[0m\u001b[0m \u001b[0m\u001b[0m    fn validate_regex(&self, regex: impl AsRegex) -> bool;\u001b[0m\n\u001b[0m   \u001b[0m\u001b[0m\u001b[1m\u001b[38;5;14m|\u001b[0m\u001b[0m                                          \u001b[0m\u001b[0m\u001b[1m\u001b[38;5;10m^^^^^^^\u001b[0m\u001b[0m \u001b[0m\u001b[0m\u001b[1m\u001b[38;5;10mrequired by this bound in `ValidateRegex::validate_regex`\u001b[0m\n\u001b[0m   \u001b[0m\u001b[0m\u001b[1m\u001b[38;5;14m= \u001b[0m\u001b[0m\u001b[1m\u001b[38;5;15mnote\u001b[0m\u001b[0m: this error originates in the derive macro `Validate` (in Nightly builds, run with -Z macro-backtrace for more info)\u001b[0m\n\n"}
{"$message_type":"diagnostic","message":"aborting due to 2 previous errors","code":null,"level":"error","spans":[],"children":[],"rendered":"\u001b[0m\u001b[1m\u001b[38;5;9merror\u001b[0m\u001b[0m\u001b[1m\u001b[38;5;15m: aborting due to 2 previous errors\u001b[0m\n\n"}
{"$message_type":"diagnostic","message":"For more information about this error, try `rustc --explain E0277`.","code":null,"level":"failure-note","spans":[],"children":[],"rendered":"\u001b[0m\u001b[1m\u001b[38;5;15mFor more information about this error, try `rustc --explain E0277`.\u001b[0m\n"}
